Determining if the pthread_create exist failed with the following output:
Change Dir: /home/chamath/git/pfms-2021s-dyl1x/scratch/assignments/a1_skeleton/build-Default/CMakeFiles/CMakeTmp

Run Build Command:"/usr/bin/make" "cmTC_747ba/fast"
/usr/bin/make -f CMakeFiles/cmTC_747ba.dir/build.make CMakeFiles/cmTC_747ba.dir/build
make[1]: Entering directory '/home/chamath/git/pfms-2021s-dyl1x/scratch/assignments/a1_skeleton/build-Default/CMakeFiles/CMakeTmp'
Building C object CMakeFiles/cmTC_747ba.dir/CheckSymbolExists.c.o
/usr/bin/gcc    -o CMakeFiles/cmTC_747ba.dir/CheckSymbolExists.c.o   -c /home/chamath/git/pfms-2021s-dyl1x/scratch/assignments/a1_skeleton/build-Default/CMakeFiles/CMakeTmp/CheckSymbolExists.c
Linking C executable cmTC_747ba
/usr/bin/cmake -E cmake_link_script CMakeFiles/cmTC_747ba.dir/link.txt --verbose=1
/usr/bin/gcc      -rdynamic CMakeFiles/cmTC_747ba.dir/CheckSymbolExists.c.o  -o cmTC_747ba 
CMakeFiles/cmTC_747ba.dir/CheckSymbolExists.c.o: In function `main':
CheckSymbolExists.c:(.text+0x1b): undefined reference to `pthread_create'
collect2: error: ld returned 1 exit status
CMakeFiles/cmTC_747ba.dir/build.make:97: recipe for target 'cmTC_747ba' failed
make[1]: *** [cmTC_747ba] Error 1
make[1]: Leaving directory '/home/chamath/git/pfms-2021s-dyl1x/scratch/assignments/a1_skeleton/build-Default/CMakeFiles/CMakeTmp'
Makefile:126: recipe for target 'cmTC_747ba/fast' failed
make: *** [cmTC_747ba/fast] Error 2

File /home/chamath/git/pfms-2021s-dyl1x/scratch/assignments/a1_skeleton/build-Default/CMakeFiles/CMakeTmp/CheckSymbolExists.c:
/* */
#include <pthread.h>

int main(int argc, char** argv)
{
  (void)argv;
#ifndef pthread_create
  return ((int*)(&pthread_create))[argc];
#else
  (void)argc;
  return 0;
#endif
}

Determining if the function pthread_create exists in the pthreads failed with the following output:
Change Dir: /home/chamath/git/pfms-2021s-dyl1x/scratch/assignments/a1_skeleton/build-Default/CMakeFiles/CMakeTmp

Run Build Command:"/usr/bin/make" "cmTC_87e20/fast"
/usr/bin/make -f CMakeFiles/cmTC_87e20.dir/build.make CMakeFiles/cmTC_87e20.dir/build
make[1]: Entering directory '/home/chamath/git/pfms-2021s-dyl1x/scratch/assignments/a1_skeleton/build-Default/CMakeFiles/CMakeTmp'
Building C object CMakeFiles/cmTC_87e20.dir/CheckFunctionExists.c.o
/usr/bin/gcc   -DCHECK_FUNCTION_EXISTS=pthread_create   -o CMakeFiles/cmTC_87e20.dir/CheckFunctionExists.c.o   -c /usr/share/cmake-3.10/Modules/CheckFunctionExists.c
Linking C executable cmTC_87e20
/usr/bin/cmake -E cmake_link_script CMakeFiles/cmTC_87e20.dir/link.txt --verbose=1
/usr/bin/gcc  -DCHECK_FUNCTION_EXISTS=pthread_create    -rdynamic CMakeFiles/cmTC_87e20.dir/CheckFunctionExists.c.o  -o cmTC_87e20 -lpthreads 
/usr/bin/ld: cannot find -lpthreads
collect2: error: ld returned 1 exit status
CMakeFiles/cmTC_87e20.dir/build.make:97: recipe for target 'cmTC_87e20' failed
make[1]: *** [cmTC_87e20] Error 1
make[1]: Leaving directory '/home/chamath/git/pfms-2021s-dyl1x/scratch/assignments/a1_skeleton/build-Default/CMakeFiles/CMakeTmp'
Makefile:126: recipe for target 'cmTC_87e20/fast' failed
make: *** [cmTC_87e20/fast] Error 2


