Determining if the pthread_create exist failed with the following output:
Change Dir: /home/chamath/git/pfms-2021s-dyl1x/scratch/assignments/a2/a2_v2/build-Debug/CMakeFiles/CMakeTmp

Run Build Command:"/usr/bin/make" "cmTC_e7b08/fast"
/usr/bin/make -f CMakeFiles/cmTC_e7b08.dir/build.make CMakeFiles/cmTC_e7b08.dir/build
make[1]: Entering directory '/home/chamath/git/pfms-2021s-dyl1x/scratch/assignments/a2/a2_v2/build-Debug/CMakeFiles/CMakeTmp'
Building C object CMakeFiles/cmTC_e7b08.dir/CheckSymbolExists.c.o
/usr/bin/gcc    -o CMakeFiles/cmTC_e7b08.dir/CheckSymbolExists.c.o   -c /home/chamath/git/pfms-2021s-dyl1x/scratch/assignments/a2/a2_v2/build-Debug/CMakeFiles/CMakeTmp/CheckSymbolExists.c
Linking C executable cmTC_e7b08
/usr/bin/cmake -E cmake_link_script CMakeFiles/cmTC_e7b08.dir/link.txt --verbose=1
/usr/bin/gcc      -rdynamic CMakeFiles/cmTC_e7b08.dir/CheckSymbolExists.c.o  -o cmTC_e7b08 
CMakeFiles/cmTC_e7b08.dir/CheckSymbolExists.c.o: In function `main':
CheckSymbolExists.c:(.text+0x1b): undefined reference to `pthread_create'
collect2: error: ld returned 1 exit status
CMakeFiles/cmTC_e7b08.dir/build.make:97: recipe for target 'cmTC_e7b08' failed
make[1]: *** [cmTC_e7b08] Error 1
make[1]: Leaving directory '/home/chamath/git/pfms-2021s-dyl1x/scratch/assignments/a2/a2_v2/build-Debug/CMakeFiles/CMakeTmp'
Makefile:126: recipe for target 'cmTC_e7b08/fast' failed
make: *** [cmTC_e7b08/fast] Error 2

File /home/chamath/git/pfms-2021s-dyl1x/scratch/assignments/a2/a2_v2/build-Debug/CMakeFiles/CMakeTmp/CheckSymbolExists.c:
/* */
#include <pthread.h>

int main(int argc, char** argv)
{
  (void)argv;
#ifndef pthread_create
  return ((int*)(&pthread_create))[argc];
#else
  (void)argc;
  return 0;
#endif
}

Determining if the function pthread_create exists in the pthreads failed with the following output:
Change Dir: /home/chamath/git/pfms-2021s-dyl1x/scratch/assignments/a2/a2_v2/build-Debug/CMakeFiles/CMakeTmp

Run Build Command:"/usr/bin/make" "cmTC_f155e/fast"
/usr/bin/make -f CMakeFiles/cmTC_f155e.dir/build.make CMakeFiles/cmTC_f155e.dir/build
make[1]: Entering directory '/home/chamath/git/pfms-2021s-dyl1x/scratch/assignments/a2/a2_v2/build-Debug/CMakeFiles/CMakeTmp'
Building C object CMakeFiles/cmTC_f155e.dir/CheckFunctionExists.c.o
/usr/bin/gcc   -DCHECK_FUNCTION_EXISTS=pthread_create   -o CMakeFiles/cmTC_f155e.dir/CheckFunctionExists.c.o   -c /usr/share/cmake-3.10/Modules/CheckFunctionExists.c
Linking C executable cmTC_f155e
/usr/bin/cmake -E cmake_link_script CMakeFiles/cmTC_f155e.dir/link.txt --verbose=1
/usr/bin/gcc  -DCHECK_FUNCTION_EXISTS=pthread_create    -rdynamic CMakeFiles/cmTC_f155e.dir/CheckFunctionExists.c.o  -o cmTC_f155e -lpthreads 
/usr/bin/ld: cannot find -lpthreads
collect2: error: ld returned 1 exit status
CMakeFiles/cmTC_f155e.dir/build.make:97: recipe for target 'cmTC_f155e' failed
make[1]: *** [cmTC_f155e] Error 1
make[1]: Leaving directory '/home/chamath/git/pfms-2021s-dyl1x/scratch/assignments/a2/a2_v2/build-Debug/CMakeFiles/CMakeTmp'
Makefile:126: recipe for target 'cmTC_f155e/fast' failed
make: *** [cmTC_f155e/fast] Error 2


